C51 COMPILER V9.54   LED                                                                   03/08/2017 16:52:07 PAGE 1   


C51 COMPILER V9.54, COMPILATION OF MODULE LED
OBJECT MODULE PLACED IN .\output\led.obj
COMPILER INVOKED BY: C:\Keil_v5\C51\BIN\C51.EXE source\USER\led\led.c LARGE OPTIMIZE(0,SPEED) BROWSE MODC2 INCDIR(.\sour
                    -ce\USER\A7139;.\source\USER\timer;.\source\USER\uart;.\source\USER\led;C:\Keil_v5\C51\INC\SONIX;.\source\USER\clock;.\so
                    -urce\USER\inc;.\source\USER\rtimer;.\source\USER\cmd) DEBUG OBJECTEXTEND PRINT(.\Listings\led.lst) TABS(2) OBJECT(.\outp
                    -ut\led.obj)

line level    source

   1          
   2          #include "led.h"
   3          
   4          
   5          void led_init(void)
   6          {  
   7   1        P2M  |= 0xC0;   //P2.6 P2.7 output mode
   8   1        P4UR &= 0x3F;   //disable pull-up resister   
   9   1        P26   = 1;      //P2.6 output high level  
  10   1        P27   = 1;      //P2.7 output high level
  11   1      }
  12          
  13          
  14          
  15          
  16          
  17          
  18          
  19          
  20          


MODULE INFORMATION:   STATIC OVERLAYABLE
   CODE SIZE        =     11    ----
   CONSTANT SIZE    =   ----    ----
   XDATA SIZE       =   ----    ----
   PDATA SIZE       =   ----    ----
   DATA SIZE        =   ----    ----
   IDATA SIZE       =   ----    ----
   BIT SIZE         =   ----    ----
END OF MODULE INFORMATION.


C51 COMPILATION COMPLETE.  0 WARNING(S),  0 ERROR(S)
