C51 COMPILER V9.54   RTIMER                                                                03/09/2017 16:16:01 PAGE 1   


C51 COMPILER V9.54, COMPILATION OF MODULE RTIMER
OBJECT MODULE PLACED IN .\output\rtimer.obj
COMPILER INVOKED BY: C:\Keil_v5\C51\BIN\C51.EXE source\USER\rtimer\rtimer.c LARGE OPTIMIZE(0,SPEED) BROWSE MODC2 INCDIR(
                    -.\source\USER\A7139;.\source\USER\timer;.\source\USER\uart;.\source\USER\led;C:\Keil_v5\C51\INC\SONIX;.\source\USER\cloc
                    -k;.\source\USER\inc;.\source\USER\rtimer;.\source\USER\cmd) DEBUG OBJECTEXTEND PRINT(.\Listings\rtimer.lst) TABS(2) OBJE
                    -CT(.\output\rtimer.obj)

line level    source

   1          /*
   2           * Copyright (c) 2005, Swedish Institute of Computer Science
   3           * All rights reserved.
   4           *
   5           * Redistribution and use in source and binary forms, with or without
   6           * modification, are permitted provided that the following conditions
   7           * are met:
   8           * 1. Redistributions of source code must retain the above copyright
   9           *    notice, this list of conditions and the following disclaimer.
  10           * 2. Redistributions in binary form must reproduce the above copyright
  11           *    notice, this list of conditions and the following disclaimer in the
  12           *    documentation and/or other materials provided with the distribution.
  13           * 3. Neither the name of the Institute nor the names of its contributors
  14           *    may be used to endorse or promote products derived from this software
  15           *    without specific prior written permission.
  16           *
  17           * THIS SOFTWARE IS PROVIDED BY THE INSTITUTE AND CONTRIBUTORS ``AS IS'' AND
  18           * ANY EXPRESS OR IMPLIED WARRANTIES, INCLUDING, BUT NOT LIMITED TO, THE
  19           * IMPLIED WARRANTIES OF MERCHANTABILITY AND FITNESS FOR A PARTICULAR PURPOSE
  20           * ARE DISCLAIMED.  IN NO EVENT SHALL THE INSTITUTE OR CONTRIBUTORS BE LIABLE
  21           * FOR ANY DIRECT, INDIRECT, INCIDENTAL, SPECIAL, EXEMPLARY, OR CONSEQUENTIAL
  22           * DAMAGES (INCLUDING, BUT NOT LIMITED TO, PROCUREMENT OF SUBSTITUTE GOODS
  23           * OR SERVICES; LOSS OF USE, DATA, OR PROFITS; OR BUSINESS INTERRUPTION)
  24           * HOWEVER CAUSED AND ON ANY THEORY OF LIABILITY, WHETHER IN CONTRACT, STRICT
  25           * LIABILITY, OR TORT (INCLUDING NEGLIGENCE OR OTHERWISE) ARISING IN ANY WAY
  26           * OUT OF THE USE OF THIS SOFTWARE, EVEN IF ADVISED OF THE POSSIBILITY OF
  27           * SUCH DAMAGE.
  28           *
  29           * This file is part of the Contiki operating system.
  30           *
  31           */
  32          
  33          /**
  34           * \file
  35           *         Implementation of the architecture-agnostic parts of the real-time timer module.
  36           * \author
  37           *         Adam Dunkels <adam@sics.se>
  38           *
  39           */
  40          
  41          /**
  42           * \addtogroup rt
  43           * @{
  44           */
  45          
  46          #include "rtimer.h"
  47          #include "stdio.h"
  48          
  49          
  50          static struct rtimer *next_rtimer=NULL;
  51          extern unsigned char xdata rtimer_cycle;
  52          extern unsigned char xdata rtimer_cycle_cnt;
C51 COMPILER V9.54   RTIMER                                                                03/09/2017 16:16:01 PAGE 2   

  53          /*---------------------------------------------------------------------------*/
  54          void
  55          rtimer_init(void)
  56          {
  57   1        rtimer_arch_init();
  58   1      }
  59          /*---------------------------------------------------------------------------*/
  60          int
  61          rtimer_set(struct rtimer *rtimer, rtimer_clock_t time,
  62               rtimer_clock_t duration,
  63               rtimer_callback_t func, void xdata * idata ptr)
  64          {
  65   1        
  66   1        int first = 0;
  67   1        unsigned short xdata rtimer_tmp; 
  68   1        unsigned short xdata rtimer_delta;
  69   1      
  70   1        if(next_rtimer == NULL) {
  71   2          first = 1;
  72   2        }
  73   1      
  74   1        rtimer->func = func;
  75   1        rtimer->ptr = ptr;
  76   1       
  77   1        rtimer->time = time;
  78   1        next_rtimer = rtimer;
  79   1        rtimer_tmp = time - *(unsigned short * )ptr;
  80   1        //printf("rtimer_set rtimer_tmp %u\n", rtimer_tmp);
  81   1        //printf("rtimer_set ptr %u\n", *(unsigned short * )ptr);
  82   1        rtimer_cycle = (unsigned char)(rtimer_tmp/1610);
  83   1        rtimer_delta = (unsigned short)(rtimer_tmp-(rtimer_cycle*1609));
  84   1      
  85   1        if(first == 1) {
  86   2          rtimer_arch_schedule(rtimer_delta);
  87   2        }
  88   1        return RTIMER_OK;
  89   1      }
*** WARNING C280 IN LINE 62 OF source\USER\rtimer\rtimer.c: 'duration': unreferenced local variable
  90          /*---------------------------------------------------------------------------*/
  91          void
  92          rtimer_run_next(void)
  93          {
  94   1        struct rtimer *t;
  95   1        if(next_rtimer == NULL) {
  96   2          return;
  97   2        }
  98   1        t = next_rtimer;
  99   1        next_rtimer = NULL;
 100   1        t->func(t, t->ptr);
 101   1        if(next_rtimer != NULL) {
 102   2          rtimer_arch_schedule(next_rtimer->time);
 103   2        }
 104   1        return;
 105   1      }
 106          /*---------------------------------------------------------------------------*/
 107          
 108          /** @}*/


MODULE INFORMATION:   STATIC OVERLAYABLE
   CODE SIZE        =    547    ----
   CONSTANT SIZE    =   ----    ----
C51 COMPILER V9.54   RTIMER                                                                03/09/2017 16:16:01 PAGE 3   

   XDATA SIZE       =     24    ----
   PDATA SIZE       =   ----    ----
   DATA SIZE        =   ----    ----
   IDATA SIZE       =   ----    ----
   BIT SIZE         =   ----    ----
END OF MODULE INFORMATION.


C51 COMPILATION COMPLETE.  1 WARNING(S),  0 ERROR(S)
