C51 COMPILER V9.54   TIMER                                                                 03/07/2017 14:43:37 PAGE 1   


C51 COMPILER V9.54, COMPILATION OF MODULE TIMER
OBJECT MODULE PLACED IN .\output\timer.obj
COMPILER INVOKED BY: C:\Keil_v5\C51\BIN\C51.EXE source\USER\timer\timer.c OPTIMIZE(8,SPEED) BROWSE MODC2 INCDIR(.\source
                    -\USER\A7139;.\source\USER\timer;.\source\USER\uart;.\source\USER\led;C:\Keil_v5\C51\INC\SONIX;.\source\USER\clock;.\sour
                    -ce\USER\8051def) DEBUG OBJECTEXTEND PRINT(.\Listings\timer.lst) TABS(2) OBJECT(.\output\timer.obj)

line level    source

   1          #include "timer.h"
   2          unsigned int idata timer0_count = 0;
   3          unsigned char idata timer0_flag = 0;
   4          unsigned int idata timer1_count = 0;
   5          unsigned char idata timer1_flag = 0;
   6          
   7          //timer0 init 25ms
   8          void timer0_init_25ms(void)
   9          {
  10   1        TH0   = 0x2F; // 65536-53333 = 122203 = 0x2fAB
  11   1        TL0   = 0xAB;
  12   1        TMOD  |= 0x01;//Timer0 mode1;时钟源 Fcpu/12
  13   1        TCON0 = 0x00;
  14   1        TCON  |= 0x10;//enable timer0
  15   1        IEN0  |= 0x82;//enable timer0 interrupt
  16   1      }
  17          //timer0 interrupt function
  18          void T0Interrupt(void) interrupt ISRTimer0 // 0x0B
  19          {// TF0 clear by hardware
  20   1        if(timer0_count >= 10)//250ms
  21   1        {
  22   2          timer0_count = 0;
  23   2          timer0_flag  = 1;
  24   2          
  25   2        }
  26   1        else
  27   1        {
  28   2          timer0_count++;
  29   2        }
  30   1      }
  31          
  32          //timer1_init_1ms
  33          void timer1_init_25ms(void)
  34          {
  35   1      
  36   1      //  TH1   = 0x97; // 65536-26666 = 38870 = 0x97D6
  37   1      //  TL1   = 0xD6;
  38   1        TH1   = 0x00; //26666 = 0x97D6
  39   1        TL1   = 0x00;
  40   1        TMOD  |= 0x10;  //Timer1 mode1;时钟源 Fcpu/12
  41   1        TCON0 = 0x00;
  42   1        TCON  |= 0x40;//enable timer1
  43   1        IEN0  |= 0x88;//enable timer1 interrupt
  44   1      }
  45          //timer1 interrupt function
  46          void T1Interrupt(void) interrupt ISRTimer1 
  47          {// TF1 clear by hardware
  48   1        if(timer1_count >= 3)//100ms
  49   1        {
  50   2          timer1_count = 0;
  51   2          timer1_flag  = 1;
  52   2        
  53   2        }
C51 COMPILER V9.54   TIMER                                                                 03/07/2017 14:43:37 PAGE 2   

  54   1        else
  55   1        {
  56   2          timer1_count++; 
  57   2        }
  58   1      }
  59          
  60          void timer_init(void)
  61          {
  62   1      //  timer0_init_25ms();
  63   1        timer1_init_25ms();
  64   1      }


MODULE INFORMATION:   STATIC OVERLAYABLE
   CODE SIZE        =    133    ----
   CONSTANT SIZE    =   ----    ----
   XDATA SIZE       =   ----    ----
   PDATA SIZE       =   ----    ----
   DATA SIZE        =   ----    ----
   IDATA SIZE       =      6    ----
   BIT SIZE         =   ----    ----
END OF MODULE INFORMATION.


C51 COMPILATION COMPLETE.  0 WARNING(S),  0 ERROR(S)
